#
# There is insufficient memory for the Java Runtime Environment to continue.
# Native memory allocation (malloc) failed to allocate 1048576 bytes for AllocateHeap
# Possible reasons:
#   The system is out of physical RAM or swap space
#   The process is running with CompressedOops enabled, and the Java Heap may be blocking the growth of the native heap
# Possible solutions:
#   Reduce memory load on the system
#   Increase physical memory or swap space
#   Check if swap backing store is full
#   Decrease Java heap size (-Xmx/-Xms)
#   Decrease number of Java threads
#   Decrease Java thread stack sizes (-Xss)
#   Set larger code cache with -XX:ReservedCodeCacheSize=
#   JVM is running with Unscaled Compressed Oops mode in which the Java heap is
#     placed in the first 4GB address space. The Java Heap base address is the
#     maximum limit for the native heap growth. Please use -XX:HeapBaseMinAddress
#     to set the Java Heap base and to place the Java Heap above 4GB virtual address.
# This output file may be truncated or incomplete.
#
#  Out of Memory Error (./src/hotspot/share/memory/allocation.cpp:46), pid=12012, tid=1660
#
# JRE version:  (11.0.10+9) (build )
# Java VM: OpenJDK 64-Bit Server VM (11.0.10+9, mixed mode, sharing, tiered, compressed oops, g1 gc, windows-amd64)
# No core dump will be written. Minidumps are not enabled by default on client versions of Windows
#

---------------  S U M M A R Y ------------

Command Line: 

Host: Intel(R) Core(TM) i7-3630QM CPU @ 2.40GHz, 8 cores, 7G,  Windows 10 , 64 bit Build 17763 (10.0.17763.475)
Time: Sat Jul  3 19:36:21 2021 Hora est. Pacífico, Sudamérica elapsed time: 0.080334 seconds (0d 0h 0m 0s)

---------------  T H R E A D  ---------------

Current thread (0x0000026fbbc2e000):  JavaThread "Unknown thread" [_thread_in_vm, id=1660, stack(0x0000008aca500000,0x0000008aca600000)]

Stack: [0x0000008aca500000,0x0000008aca600000]
Native frames: (J=compiled Java code, j=interpreted, Vv=VM code, C=native code)
V  [jvm.dll+0x5f35ea]
V  [jvm.dll+0x77c65e]
V  [jvm.dll+0x77dd2f]
V  [jvm.dll+0x77e3f3]
V  [jvm.dll+0x246c38]
V  [jvm.dll+0xb56e4]
V  [jvm.dll+0x2d4b78]
V  [jvm.dll+0x757c67]
V  [jvm.dll+0x7593ff]
V  [jvm.dll+0x351a59]
V  [jvm.dll+0x73aea0]
V  [jvm.dll+0x3b929f]
V  [jvm.dll+0x3bb7a1]
C  [jli.dll+0x520b]
C  [ucrtbase.dll+0x21ffa]
C  [KERNEL32.DLL+0x17974]
C  [ntdll.dll+0x6a271]


---------------  P R O C E S S  ---------------

Threads class SMR info:
_java_thread_list=0x0000026fbba0d1f0, length=0, elements={
}

Java Threads: ( => current thread )

Other Threads:

=>0x0000026fbbc2e000 (exited) JavaThread "Unknown thread" [_thread_in_vm, id=1660, stack(0x0000008aca500000,0x0000008aca600000)]

Threads with active compile tasks:

VM state:not at safepoint (not fully initialized)

VM Mutex/Monitor currently owned by a thread: None


[error occurred during error reporting (printing compressed oops mode), id 0xc0000005, EXCEPTION_ACCESS_VIOLATION (0xc0000005) at pc=0x00007ff8d67a8a47]

GC Heap History (0 events):
No events

Deoptimization events (0 events):
No events

Classes redefined (0 events):
No events

Internal exceptions (0 events):
No events

Events (1 events):
Event: 0.055 Loaded shared library C:\Program Files\AdoptOpenJDK\jdk-11.0.10.9-hotspot\bin\zip.dll


Dynamic libraries:
0x00007ff788c00000 - 0x00007ff788c0d000 	C:\Program Files\AdoptOpenJDK\jdk-11.0.10.9-hotspot\bin\java.exe
0x00007ff92c3d0000 - 0x00007ff92c5bd000 	C:\Windows\SYSTEM32\ntdll.dll
0x00007ff92bd50000 - 0x00007ff92be03000 	C:\Windows\System32\KERNEL32.DLL
0x00007ff928d20000 - 0x00007ff928fb3000 	C:\Windows\System32\KERNELBASE.dll
0x00007ff928fe0000 - 0x00007ff9290da000 	C:\Windows\System32\ucrtbase.dll
0x00007ff91ef60000 - 0x00007ff91ef75000 	C:\Program Files\AdoptOpenJDK\jdk-11.0.10.9-hotspot\bin\VCRUNTIME140.dll
0x00007ff91ef40000 - 0x00007ff91ef57000 	C:\Program Files\AdoptOpenJDK\jdk-11.0.10.9-hotspot\bin\jli.dll
0x00007ff92ba50000 - 0x00007ff92bbe7000 	C:\Windows\System32\USER32.dll
0x00007ff928fc0000 - 0x00007ff928fe0000 	C:\Windows\System32\win32u.dll
0x00007ff929600000 - 0x00007ff929629000 	C:\Windows\System32\GDI32.dll
0x00007ff914be0000 - 0x00007ff914e59000 	C:\Windows\WinSxS\amd64_microsoft.windows.common-controls_6595b64144ccf1df_6.0.17763.503_none_05b23ef40721f4ae\COMCTL32.dll
0x00007ff929160000 - 0x00007ff9292fa000 	C:\Windows\System32\gdi32full.dll
0x00007ff929d70000 - 0x00007ff929e0e000 	C:\Windows\System32\msvcrt.dll
0x00007ff9284a0000 - 0x00007ff928540000 	C:\Windows\System32\msvcp_win.dll
0x00007ff92be10000 - 0x00007ff92c13c000 	C:\Windows\System32\combase.dll
0x00007ff92bbf0000 - 0x00007ff92bd12000 	C:\Windows\System32\RPCRT4.dll
0x00007ff9290e0000 - 0x00007ff92915e000 	C:\Windows\System32\bcryptPrimitives.dll
0x00007ff92bd20000 - 0x00007ff92bd4e000 	C:\Windows\System32\IMM32.DLL
0x00007ff8ff250000 - 0x00007ff8ff2eb000 	C:\Program Files\AdoptOpenJDK\jdk-11.0.10.9-hotspot\bin\msvcp140.dll
0x00007ff8d6050000 - 0x00007ff8d6b93000 	C:\Program Files\AdoptOpenJDK\jdk-11.0.10.9-hotspot\bin\server\jvm.dll
0x00007ff9298c0000 - 0x00007ff929963000 	C:\Windows\System32\ADVAPI32.dll
0x00007ff929c00000 - 0x00007ff929c9e000 	C:\Windows\System32\sechost.dll
0x00007ff92b9c0000 - 0x00007ff92b9c8000 	C:\Windows\System32\PSAPI.DLL
0x00007ff922e30000 - 0x00007ff922e39000 	C:\Windows\SYSTEM32\WSOCK32.dll
0x00007ff926580000 - 0x00007ff9265a4000 	C:\Windows\SYSTEM32\WINMM.dll
0x00007ff929fe0000 - 0x00007ff92a04d000 	C:\Windows\System32\WS2_32.dll
0x00007ff91f0f0000 - 0x00007ff91f0fa000 	C:\Windows\SYSTEM32\VERSION.dll
0x00007ff926520000 - 0x00007ff92654d000 	C:\Windows\SYSTEM32\WINMMBASE.dll
0x00007ff929590000 - 0x00007ff9295da000 	C:\Windows\System32\cfgmgr32.dll
0x00007ff9283d0000 - 0x00007ff9283e1000 	C:\Windows\System32\kernel.appcore.dll
0x00007ff91ee50000 - 0x00007ff91ee60000 	C:\Program Files\AdoptOpenJDK\jdk-11.0.10.9-hotspot\bin\verify.dll
0x00007ff91a340000 - 0x00007ff91a52d000 	C:\Windows\SYSTEM32\DBGHELP.DLL
0x00007ff91a310000 - 0x00007ff91a33a000 	C:\Windows\SYSTEM32\dbgcore.DLL
0x00007ff91ee20000 - 0x00007ff91ee48000 	C:\Program Files\AdoptOpenJDK\jdk-11.0.10.9-hotspot\bin\java.dll
0x00007ff91ee10000 - 0x00007ff91ee1a000 	C:\Program Files\AdoptOpenJDK\jdk-11.0.10.9-hotspot\bin\jimage.dll
0x00007ff91edf0000 - 0x00007ff91ee07000 	C:\Program Files\AdoptOpenJDK\jdk-11.0.10.9-hotspot\bin\zip.dll

dbghelp: loaded successfully - version: 4.0.5 - missing functions: none
symbol engine: initialized successfully - sym options: 0x614 - pdb path: .;C:\Program Files\AdoptOpenJDK\jdk-11.0.10.9-hotspot\bin;C:\Windows\SYSTEM32;C:\Windows\WinSxS\amd64_microsoft.windows.common-controls_6595b64144ccf1df_6.0.17763.503_none_05b23ef40721f4ae;C:\Program Files\AdoptOpenJDK\jdk-11.0.10.9-hotspot\bin\server

VM Arguments:
java_command: <unknown>
java_class_path (initial): <not set>
Launcher Type: SUN_STANDARD

[Global flags]
     intx CICompilerCount                          = 4                                         {product} {ergonomic}
     uint G1ConcRefinementThreads                  = 8                                         {product} {ergonomic}
   size_t G1HeapRegionSize                         = 1048576                                   {product} {ergonomic}
    uintx GCDrainStackTargetSize                   = 64                                        {product} {ergonomic}
   size_t InitialHeapSize                          = 134217728                                 {product} {ergonomic}
   size_t MaxHeapSize                              = 2116026368                                {product} {ergonomic}
   size_t MinHeapDeltaBytes                        = 1048576                                   {product} {ergonomic}
    uintx NonNMethodCodeHeapSize                   = 5836300                                {pd product} {ergonomic}
    uintx NonProfiledCodeHeapSize                  = 122910970                              {pd product} {ergonomic}
    uintx ProfiledCodeHeapSize                     = 122910970                              {pd product} {ergonomic}
    uintx ReservedCodeCacheSize                    = 251658240                              {pd product} {ergonomic}
     bool SegmentedCodeCache                       = true                                      {product} {ergonomic}
     bool UseCompressedClassPointers               = true                                 {lp64_product} {ergonomic}
     bool UseCompressedOops                        = true                                 {lp64_product} {ergonomic}
     bool UseG1GC                                  = true                                      {product} {ergonomic}
     bool UseLargePagesIndividualAllocation        = false                                  {pd product} {ergonomic}

Logging:
Log output configuration:
 #0: stdout all=warning uptime,level,tags
 #1: stderr all=off uptime,level,tags

Environment Variables:
PATH=C:\Program Files\AdoptOpenJDK\jdk-11.0.10.9-hotspot\bin;C:\Python38\Scripts\;C:\Python38\;C:\Program Files (x86)\Common Files\Oracle\Java\javapath;C:\Windows\system32;C:\Windows;C:\Windows\System32\Wbem;C:\Windows\System32\WindowsPowerShell\v1.0\;C:\Windows\System32\OpenSSH\;C:\Program Files\nodejs\;C:\ProgramData\chocolatey\bin;C:\Program Files\Git\cmd;C:\xampp\php;C:\ProgramData\ComposerSetup\bin;C:\src\flutter\bin;C:\Users\GAMER\AppData\Local\Microsoft\WindowsApps;C:\Users\GAMER\AppData\Local\Programs\Microsoft VS Code\bin;C:\Users\GAMER\AppData\Roaming\npm;C:\Users\GAMER\AppData\Roaming\Composer\vendor\bin;C:\src\flutter\bin;C:\Users\GAMER\AppData\Local\GitHubDesktop\bin
USERNAME=GAMER
OS=Windows_NT
PROCESSOR_IDENTIFIER=Intel64 Family 6 Model 58 Stepping 9, GenuineIntel



---------------  S Y S T E M  ---------------

OS: Windows 10 , 64 bit Build 17763 (10.0.17763.475)
OS uptime: 8 days 23:33 hours

CPU:total 8 (initial active 8) (4 cores per cpu, 2 threads per core) family 6 model 58 stepping 9 microcode 0x21, cmov, cx8, fxsr, mmx, sse, sse2, sse3, ssse3, sse4.1, sse4.2, popcnt, avx, aes, clmul, erms, ht, tsc, tscinvbit, tscinv

Memory: 4k page, system-wide physical 8069M (925M free)
TotalPageFile size 32645M (AvailPageFile size 3M)
current process WorkingSet (physical memory assigned to process): 9M, peak: 9M
current process commit charge ("private bytes"): 11M, peak: 12M

vm_info: OpenJDK 64-Bit Server VM (11.0.10+9) for windows-amd64 JRE (11.0.10+9), built on Jan 20 2021 06:07:07 by "" with MS VC++ 15.9 (VS2017)

END.
